2025.02.24 20:46:52 INFO  Started: Metals version 1.5.1 in folders '/Users/leonievanrijn/playground/java/spring6restmvc' for client Visual Studio Code 1.97.2.
2025.02.24 20:47:16 INFO  no build target found for /Users/leonievanrijn/playground/java/spring6restmvc/src/main/java/guru/springframework/spring6restmvc/Spring6restmvcApplication.java. Using presentation compiler with project's scala-library version: 3.3.4
Feb 24, 2025 8:47:18 PM org.eclipse.lsp4j.jsonrpc.RemoteEndpoint handleCancellation
WARNING: Unmatched cancel notification for request id 4
2025.02.24 20:47:18 INFO  no build target found for /Users/leonievanrijn/playground/java/spring6restmvc/src/main/java/guru/springframework/spring6restmvc/Spring6restmvcApplication.java. Using presentation compiler with project's scala-library version: 3.3.4
Feb 24, 2025 8:47:19 PM scala.meta.internal.pc.CompilerAccess handleError
SEVERE: A severe compiler error occurred, full details of the error can be found in the error report /Users/leonievanrijn/playground/java/spring6restmvc/.metals/.reports/metals-full/2025-02-24/r_compiler-error_20-47-19-696.md
2025.02.24 20:47:29 INFO  no build target found for /Users/leonievanrijn/playground/java/spring6restmvc/src/main/java/guru/springframework/spring6restmvc/Spring6restmvcApplication.java. Using presentation compiler with project's scala-library version: 3.3.4
2025.02.24 20:47:31 INFO  no build target found for /Users/leonievanrijn/playground/java/spring6restmvc/src/main/java/guru/springframework/spring6restmvc/Spring6restmvcApplication.java. Using presentation compiler with project's scala-library version: 3.3.4
Feb 24, 2025 8:47:31 PM scala.meta.internal.pc.CompilerAccess handleError
SEVERE: A severe compiler error occurred, full details of the error can be found in the error report /Users/leonievanrijn/playground/java/spring6restmvc/.metals/.reports/metals-full/2025-02-24/r_compiler-error_20-47-31-839.md
Feb 24, 2025 8:48:21 PM org.eclipse.lsp4j.jsonrpc.RemoteEndpoint handleCancellation
WARNING: Unmatched cancel notification for request id 29
2025.02.24 20:48:22 INFO  no build target found for /Users/leonievanrijn/playground/java/spring6restmvc/src/main/java/guru/springframework/spring6restmvc/Spring6restmvcApplication.java. Using presentation compiler with project's scala-library version: 3.3.4
Feb 24, 2025 8:48:22 PM scala.meta.internal.pc.CompilerAccess handleError
SEVERE: A severe compiler error occurred, full details of the error can be found in the error report /Users/leonievanrijn/playground/java/spring6restmvc/.metals/.reports/metals-full/2025-02-24/r_compiler-error_20-48-22-251.md
2025.02.24 20:48:22 INFO  no build target found for /Users/leonievanrijn/playground/java/spring6restmvc/src/main/java/guru/springframework/spring6restmvc/Spring6restmvcApplication.java. Using presentation compiler with project's scala-library version: 3.3.4
Feb 24, 2025 8:48:22 PM scala.meta.internal.pc.CompilerAccess handleError
SEVERE: A severe compiler error occurred, full details of the error can be found in the error report /Users/leonievanrijn/playground/java/spring6restmvc/.metals/.reports/metals-full/2025-02-24/r_compiler-error_20-48-22-747.md
2025.02.24 20:48:23 INFO  no build target found for /Users/leonievanrijn/playground/java/spring6restmvc/src/main/java/guru/springframework/spring6restmvc/Spring6restmvcApplication.java. Using presentation compiler with project's scala-library version: 3.3.4
Feb 24, 2025 8:48:23 PM scala.meta.internal.pc.CompilerAccess handleError
SEVERE: A severe compiler error occurred, full details of the error can be found in the error report /Users/leonievanrijn/playground/java/spring6restmvc/.metals/.reports/metals-full/2025-02-24/r_compiler-error_20-48-23-635.md
Feb 24, 2025 8:49:01 PM org.eclipse.lsp4j.jsonrpc.services.GenericEndpoint notify
WARNING: Unsupported notification method: metals/windowStateDidChange
Feb 24, 2025 8:49:21 PM org.eclipse.lsp4j.jsonrpc.services.GenericEndpoint notify
WARNING: Unsupported notification method: metals/windowStateDidChange
2025.02.24 20:49:29 INFO  Shutting down server
2025.02.24 20:49:29 INFO  shutting down Metals
2025.02.24 20:49:29 INFO  Exiting server
